<?xml version="1.0" encoding="UTF-8"?>
<testsuite name="ProgramTest" tests="7" skipped="0" failures="0" errors="0" timestamp="2020-06-18T09:35:35" hostname="Komp" time="0.053">
  <properties/>
  <testcase name="relationTest" classname="ProgramTest" time="0.011"/>
  <testcase name="functionTest" classname="ProgramTest" time="0.002"/>
  <testcase name="EvalTest" classname="ProgramTest" time="0.003"/>
  <testcase name="assignTest" classname="ProgramTest" time="0.002"/>
  <testcase name="compositionTest" classname="ProgramTest" time="0.003"/>
  <testcase name="refTest" classname="ProgramTest" time="0.03"/>
  <testcase name="precedenceTest" classname="ProgramTest" time="0.001"/>
  <system-out><![CDATA[RELATION TEST
FUNCTION ARGUMENT TEST
EVAL TEST
ASSIGNMENT TEST
FUNCTION COMPOSITION TEST
REFERENCE TEST
PRECEDENCE TEST
]]></system-out>
  <system-err><![CDATA[]]></system-err>
</testsuite>
