<?xml version="1.0" encoding="UTF-8"?>
<testsuite name="ParserTest" tests="3" skipped="0" failures="0" errors="0" timestamp="2020-06-18T09:35:35" hostname="Komp" time="0.014">
  <properties/>
  <testcase name="basicTest" classname="ParserTest" time="0.012"/>
  <testcase name="precendenceTest" classname="ParserTest" time="0.0"/>
  <testcase name="evalTest" classname="ParserTest" time="0.0"/>
  <system-out><![CDATA[(VAR:a^(2.0+(VAR:b^2.0)))
((3.0*(3.0+(3.0*3.0)))+3.0)
]]></system-out>
  <system-err><![CDATA[]]></system-err>
</testsuite>
